HelloWorld/build/intermediates/proguard-rules/release/aapt_rules.txt
# view AndroidManifest.xml #generated:10
-keep class com.helloworld.HelloGradle { <init>(...); }