HelloWorld/build/outputs/mapping/release/mapping.txt
com.helloworld.HelloGradle -> com.helloworld.HelloGradle:
    void onCreate(android.os.Bundle) -> onCreate