HelloWorld/build/outputs/mapping/release/usage.txt
com.helloworld.BuildConfig
com.helloworld.R
com.helloworld.R$attr
com.helloworld.R$drawable
com.helloworld.R$layout
com.helloworld.R$string